<?xml version="1.0" encoding="UTF-8"?>
<!-- Generated by org.testng.reporters.JUnitXMLReporter -->
<testsuite hostname="DESKTOP-H8RTC1S" ignored="0" tests="4" failures="0" timestamp="2019-09-06T12:35:55 IST" time="85.011" errors="0">
  <testcase name="testcases" time="5.359" classname="class2"/>
  <testcase name="add_tours" time="9.487" classname="class2"/>
  <testcase name="testcases" time="5.371" classname="class1"/>
  <testcase name="add_tours" time="44.576" classname="class1"/>
</testsuite>
