<?xml version="1.0" encoding="UTF-8"?>
<testng-results skipped="0" failed="0" ignored="0" total="4" passed="4">
  <reporter-output>
  </reporter-output>
  <suite name="Suite" duration-ms="85011" started-at="2019-09-06T12:34:30 IST" finished-at="2019-09-06T12:35:55 IST">
    <groups>
    </groups>
    <test name="Test" duration-ms="85011" started-at="2019-09-06T12:34:30 IST" finished-at="2019-09-06T12:35:55 IST">
      <class name="class2">
        <test-method status="PASS" signature="startbrowser()[pri:0, instance:class2@401e7803]" name="startbrowser" is-config="true" duration-ms="7866" started-at="2019-09-06T12:34:40 IST" finished-at="2019-09-06T12:34:47 IST">
          <reporter-output>
          </reporter-output>
        </test-method> <!-- startbrowser -->
        <test-method status="PASS" signature="testcases()[pri:0, instance:class2@401e7803]" name="testcases" duration-ms="5359" started-at="2019-09-06T12:34:48 IST" finished-at="2019-09-06T12:34:53 IST">
          <reporter-output>
          </reporter-output>
        </test-method> <!-- testcases -->
        <test-method status="PASS" signature="add_tours()[pri:1, instance:class2@401e7803]" name="add_tours" duration-ms="9487" started-at="2019-09-06T12:34:53 IST" finished-at="2019-09-06T12:35:02 IST">
          <reporter-output>
          </reporter-output>
        </test-method> <!-- add_tours -->
        <test-method status="PASS" signature="close()[pri:0, instance:class2@401e7803]" name="close" is-config="true" duration-ms="203" started-at="2019-09-06T12:35:54 IST" finished-at="2019-09-06T12:35:55 IST">
          <reporter-output>
          </reporter-output>
        </test-method> <!-- close -->
      </class> <!-- class2 -->
      <class name="class1">
        <test-method status="PASS" signature="startbrowser()[pri:0, instance:class1@10dba097]" name="startbrowser" is-config="true" duration-ms="9960" started-at="2019-09-06T12:34:30 IST" finished-at="2019-09-06T12:34:40 IST">
          <reporter-output>
          </reporter-output>
        </test-method> <!-- startbrowser -->
        <test-method status="PASS" signature="testcases()[pri:0, instance:class1@10dba097]" name="testcases" duration-ms="5371" started-at="2019-09-06T12:35:02 IST" finished-at="2019-09-06T12:35:08 IST">
          <reporter-output>
          </reporter-output>
        </test-method> <!-- testcases -->
        <test-method status="PASS" signature="add_tours()[pri:1, instance:class1@10dba097]" name="add_tours" duration-ms="44576" started-at="2019-09-06T12:35:08 IST" finished-at="2019-09-06T12:35:52 IST">
          <reporter-output>
          </reporter-output>
        </test-method> <!-- add_tours -->
        <test-method status="PASS" signature="close()[pri:0, instance:class1@10dba097]" name="close" is-config="true" duration-ms="2099" started-at="2019-09-06T12:35:52 IST" finished-at="2019-09-06T12:35:54 IST">
          <reporter-output>
          </reporter-output>
        </test-method> <!-- close -->
      </class> <!-- class1 -->
    </test> <!-- Test -->
  </suite> <!-- Suite -->
</testng-results>
