<?xml version="1.0" encoding="UTF-8"?>
<!-- Generated by org.testng.reporters.JUnitXMLReporter -->
<testsuite hostname="DESKTOP-H8RTC1S" ignored="0" name="Test" tests="5" failures="1" timestamp="2019-09-26T11:04:01 IST" time="238.522" errors="0">
  <testcase name="FlightsPage" time="13.838" classname="TestCases.TravelHopeFlightsPageTest">
    <failure type="java.lang.NullPointerException">
      <![CDATA[java.lang.NullPointerException
at Pages.TravelHopeFlightsPage.FlightsPage(TravelHopeFlightsPage.java:27)
at TestCases.TravelHopeFlightsPageTest.FlightsPage(TravelHopeFlightsPageTest.java:34)
at java.util.ArrayList.forEach(Unknown Source)
... Removed 27 stack frames]]>
    </failure>
  </testcase> <!-- FlightsPage -->
  <testcase name="ToursPage" time="44.714" classname="TestCases.ToursPageTest"/>
  <testcase name="Cars" time="45.132" classname="TestCases.CarTest"/>
  <testcase name="loginTest" time="12.501" classname="TestCases.LoginPageTest"/>
  <testcase name="HotelsPage" time="22.719" classname="TestCases.TravelHopeHotelPageTest"/>
</testsuite> <!-- Test -->
