<?xml version="1.0" encoding="UTF-8"?>
<testng-results skipped="0" failed="0" ignored="0" total="1" passed="1">
  <reporter-output>
  </reporter-output>
  <suite name="Default suite" duration-ms="20129" started-at="2019-09-26T09:44:21 IST" finished-at="2019-09-26T09:44:41 IST">
    <groups>
    </groups>
    <test name="Default test" duration-ms="20129" started-at="2019-09-26T09:44:21 IST" finished-at="2019-09-26T09:44:41 IST">
      <class name="TestCases.LoginPageTest">
        <test-method status="PASS" signature="setup()[pri:0, instance:TestCases.LoginPageTest@6ebc05a6]" name="setup" is-config="true" duration-ms="7762" started-at="2019-09-26T09:44:21 IST" finished-at="2019-09-26T09:44:29 IST">
          <reporter-output>
          </reporter-output>
        </test-method> <!-- setup -->
        <test-method status="PASS" signature="loginTest()[pri:0, instance:TestCases.LoginPageTest@6ebc05a6]" name="loginTest" duration-ms="12312" started-at="2019-09-26T09:44:29 IST" finished-at="2019-09-26T09:44:41 IST">
          <reporter-output>
          </reporter-output>
        </test-method> <!-- loginTest -->
      </class> <!-- TestCases.LoginPageTest -->
    </test> <!-- Default test -->
  </suite> <!-- Default suite -->
</testng-results>
