<?xml version="1.0" encoding="UTF-8"?>
<testng-results skipped="0" failed="0" ignored="0" total="1" passed="1">
  <reporter-output>
  </reporter-output>
  <suite name="Default suite" duration-ms="57010" started-at="2019-09-10T22:32:34 IST" finished-at="2019-09-10T22:33:31 IST">
    <groups>
    </groups>
    <test name="Default test" duration-ms="57010" started-at="2019-09-10T22:32:34 IST" finished-at="2019-09-10T22:33:31 IST">
      <class name="search_car_user">
        <test-method status="PASS" signature="startbrowser()[pri:0, instance:search_car_user@704d6e83]" name="startbrowser" is-config="true" duration-ms="33674" started-at="2019-09-10T22:32:34 IST" finished-at="2019-09-10T22:33:08 IST">
          <reporter-output>
          </reporter-output>
        </test-method> <!-- startbrowser -->
        <test-method status="PASS" signature="search_car()[pri:0, instance:search_car_user@704d6e83]" name="search_car" duration-ms="23283" started-at="2019-09-10T22:33:08 IST" finished-at="2019-09-10T22:33:31 IST">
          <reporter-output>
          </reporter-output>
        </test-method> <!-- search_car -->
      </class> <!-- search_car_user -->
    </test> <!-- Default test -->
  </suite> <!-- Default suite -->
</testng-results>
