<?xml version="1.0" encoding="UTF-8"?>
<testng-results skipped="0" failed="0" ignored="0" total="1" passed="1">
  <reporter-output>
  </reporter-output>
  <suite name="Default suite" duration-ms="33540" started-at="2019-09-26T14:42:49 IST" finished-at="2019-09-26T14:43:23 IST">
    <groups>
    </groups>
    <test name="Default test" duration-ms="33540" started-at="2019-09-26T14:42:49 IST" finished-at="2019-09-26T14:43:23 IST">
      <class name="TestCases1.Cars1PageTest">
        <test-method status="PASS" signature="setup()[pri:0, instance:TestCases1.Cars1PageTest@6ebc05a6]" name="setup" is-config="true" duration-ms="15894" started-at="2019-09-26T14:42:49 IST" finished-at="2019-09-26T14:43:05 IST">
          <reporter-output>
          </reporter-output>
        </test-method> <!-- setup -->
        <test-method status="PASS" signature="Cars1Page()[pri:0, instance:TestCases1.Cars1PageTest@6ebc05a6]" name="Cars1Page" duration-ms="17518" started-at="2019-09-26T14:43:05 IST" finished-at="2019-09-26T14:43:23 IST">
          <reporter-output>
          </reporter-output>
        </test-method> <!-- Cars1Page -->
      </class> <!-- TestCases1.Cars1PageTest -->
    </test> <!-- Default test -->
  </suite> <!-- Default suite -->
</testng-results>
