<?xml version="1.0" encoding="UTF-8"?>
<!-- Generated by org.testng.reporters.JUnitXMLReporter -->
<testsuite hostname="DESKTOP-H8RTC1S" ignored="0" name="Test" tests="4" failures="0" timestamp="2019-08-29T01:58:56 PDT" time="71.737" errors="0">
  <testcase name="testcases" time="4.594" classname="demoproject.facebook"/>
  <testcase name="testcases" time="6.038" classname="demoproject.scrolldown"/>
  <testcase name="testcases" time="9.628" classname="demoproject.gmail"/>
  <testcase name="testcases" time="0.034" classname="demoproject.gettitle"/>
</testsuite> <!-- Test -->
