<?xml version="1.0" encoding="UTF-8"?>
<!-- Generated by org.testng.reporters.JUnitXMLReporter -->
<testsuite hostname="DESKTOP-H8RTC1S" ignored="0" tests="8" failures="0" timestamp="2019-09-06T12:04:14 IST" time="176.476" errors="0">
  <testcase name="testcases" time="5.499" classname="delete_tours"/>
  <testcase name="add_tours" time="13.249" classname="delete_tours"/>
  <testcase name="testcases" time="5.371" classname="edit_tour"/>
  <testcase name="add_tours" time="11.174" classname="edit_tour"/>
  <testcase name="testcases" time="5.342" classname="add_tour"/>
  <testcase name="add_tours" time="41.689" classname="add_tour"/>
  <testcase name="testcases" time="5.381" classname="search_tour"/>
  <testcase name="search" time="5.835" classname="search_tour"/>
</testsuite>
